<?xml version="1.0" encoding="UTF-8"?>
<!-- Generated by org.testng.reporters.JUnitReportReporter -->
<testsuite skipped="0" hostname="NCS-FC90R93" name="Common_Methods" tests="3" failures="0" timestamp="2022-02-03T16:19:51 SGT" time="11.724" errors="0">
  <testcase name="launch_Chrome" time="7.690" classname="Common_Methods"/>
  <system-out/>
  <testcase name="validateTitle" time="4.019" classname="Common_Methods"/>
  <system-out/>
  <testcase name="getCityWheather" time="0.015" classname="Common_Methods"/>
  <system-out/>
</testsuite> <!-- Common_Methods -->
