<?xml version="1.0" encoding="UTF-8"?>
<!-- Generated by org.testng.reporters.JUnitReportReporter -->
<testsuite skipped="0" hostname="NCS-FC90R93" name="Automation.TestCase1" tests="1" failures="0" timestamp="2022-02-04T19:20:15 SGT" time="23.874" errors="0">
  <testcase name="testcase1" time="23.874" classname="Automation.TestCase1"/>
  <system-out/>
</testsuite> <!-- Automation.TestCase1 -->
