<?xml version="1.0" encoding="UTF-8"?>
<!-- Generated by org.testng.reporters.JUnitReportReporter -->
<testsuite skipped="0" hostname="NCS-FC90R93" name="Automation.TestCase2" tests="1" failures="0" timestamp="2022-02-04T19:20:15 SGT" time="21.136" errors="0">
  <testcase name="testcase2" time="21.136" classname="Automation.TestCase2"/>
  <system-out/>
</testsuite> <!-- Automation.TestCase2 -->
